RetroBreaker/app/build/outputs/mapping/release/mapping.txt
br.usp.ime.retrobreaker.GameActivity -> br.usp.ime.retrobreaker.GameActivity:
    br.usp.ime.retrobreaker.game.TouchSurfaceView mTouchSurfaceView -> a
    android.os.Handler mHandler -> b
    android.widget.TextView mScoreTextView -> c
    android.widget.TextView mScoreMultiplierTextView -> d
    android.widget.TextView mLivesTextView -> e
    android.widget.TextView mHighScoreTextView -> f
    android.widget.TextView mReadyTextView -> g
    android.content.SharedPreferences mSharedPrefs -> h
    android.content.SharedPreferences$Editor mSharedPrefsEditor -> i
    long mHighScore -> j
    boolean mNewHighScore -> k
    boolean mFinish -> l
    android.media.SoundPool mSoundPool -> m
    java.util.HashMap mSoundIds -> n
    android.view.View mDecorView -> o
    void <init>() -> <init>
    void onCreate(android.os.Bundle) -> onCreate
    void onResume() -> onResume
    void onPause() -> onPause
    void onWindowFocusChanged(boolean) -> onWindowFocusChanged
    boolean access$000(br.usp.ime.retrobreaker.GameActivity) -> a
    void access$100(br.usp.ime.retrobreaker.GameActivity) -> b
    void access$200(br.usp.ime.retrobreaker.GameActivity) -> c
    android.widget.TextView access$300(br.usp.ime.retrobreaker.GameActivity) -> d
    android.widget.TextView access$400(br.usp.ime.retrobreaker.GameActivity) -> e
    android.widget.TextView access$500(br.usp.ime.retrobreaker.GameActivity) -> f
    long access$600(br.usp.ime.retrobreaker.GameActivity) -> g
br.usp.ime.retrobreaker.GameActivity$1 -> br.usp.ime.retrobreaker.a:
    br.usp.ime.retrobreaker.GameActivity this$0 -> a
    void <init>(br.usp.ime.retrobreaker.GameActivity) -> <init>
    void run() -> run
br.usp.ime.retrobreaker.GameActivity$2 -> br.usp.ime.retrobreaker.b:
    br.usp.ime.retrobreaker.GameActivity this$0 -> a
    void <init>(br.usp.ime.retrobreaker.GameActivity) -> <init>
    void onClick(android.content.DialogInterface,int) -> onClick
br.usp.ime.retrobreaker.GameActivity$3 -> br.usp.ime.retrobreaker.c:
    br.usp.ime.retrobreaker.GameActivity this$0 -> a
    void <init>(br.usp.ime.retrobreaker.GameActivity) -> <init>
    void onClick(android.content.DialogInterface,int) -> onClick
br.usp.ime.retrobreaker.GameActivity$4 -> br.usp.ime.retrobreaker.d:
    br.usp.ime.retrobreaker.GameActivity this$0 -> a
    void <init>(br.usp.ime.retrobreaker.GameActivity) -> <init>
    void run() -> run
br.usp.ime.retrobreaker.MainActivity -> br.usp.ime.retrobreaker.MainActivity:
    android.widget.TextView mHighScoreTextView -> a
    android.widget.Button mNewGameButton -> b
    android.widget.Button mResetScoreButton -> c
    android.widget.Spinner mLevelSpinner -> d
    android.widget.CheckBox mSoundEffectsCheckBox -> e
    android.content.SharedPreferences mSharedPrefs -> f
    int mRickRoll -> g
    void <init>() -> <init>
    void onCreate(android.os.Bundle) -> onCreate
    void onResume() -> onResume
    void onCheckBoxClicked(android.view.View) -> onCheckBoxClicked
    void updateScoreTextView() -> a
    void onItemSelected(android.widget.AdapterView,android.view.View,int,long) -> onItemSelected
    void onNothingSelected(android.widget.AdapterView) -> onNothingSelected
    android.content.SharedPreferences access$000(br.usp.ime.retrobreaker.MainActivity) -> a
    void access$100(br.usp.ime.retrobreaker.MainActivity) -> b
    int access$208(br.usp.ime.retrobreaker.MainActivity) -> c
    int access$200(br.usp.ime.retrobreaker.MainActivity) -> d
    void access$300(br.usp.ime.retrobreaker.MainActivity) -> e
    int access$202$5c38bccf(br.usp.ime.retrobreaker.MainActivity) -> f
br.usp.ime.retrobreaker.MainActivity$1 -> br.usp.ime.retrobreaker.e:
    br.usp.ime.retrobreaker.MainActivity this$0 -> a
    void <init>(br.usp.ime.retrobreaker.MainActivity) -> <init>
    void onClick(android.view.View) -> onClick